2026-03-23T14:39:41.384506	https://eodhd.com/api/options/TXN.US	TXN	404	0	313ms
2026-03-23T14:39:42.692790	https://eodhd.com/api/options/TMUS.US	TMUS	404	0	306ms
2026-03-23T14:39:44.003049	https://eodhd.com/api/options/GOOGL.US	GOOGL	404	0	305ms
2026-03-23T14:39:45.319895	https://eodhd.com/api/options/AMZN.US	AMZN	404	0	315ms
2026-03-23T14:39:46.636370	https://eodhd.com/api/options/AAPL.US	AAPL	404	0	309ms
2026-03-23T14:39:47.947968	https://eodhd.com/api/options/KKR.US	KKR	404	0	306ms
2026-03-23T14:39:49.256808	https://eodhd.com/api/options/DIS.US	DIS	404	0	302ms
2026-03-23T14:39:50.560243	https://eodhd.com/api/options/SPY.US	SPY	404	0	297ms
2026-03-23T14:39:51.861579	https://eodhd.com/api/options/QQQ.US	QQQ	404	0	294ms
2026-03-23T14:39:53.150701	https://eodhd.com/api/options/IWM.US	IWM	404	0	287ms
2026-03-23T14:39:54.474966	https://eodhd.com/api/options/MSFT.US	MSFT	404	0	320ms
2026-03-23T14:39:55.782013	https://eodhd.com/api/options/META.US	META	404	0	300ms
2026-03-23T14:39:57.090395	https://eodhd.com/api/options/NVDA.US	NVDA	404	0	305ms
2026-03-23T14:39:58.381651	https://eodhd.com/api/options/JPM.US	JPM	404	0	287ms
2026-03-23T14:39:59.672177	https://eodhd.com/api/options/GS.US	GS	404	0	284ms
2026-03-23T14:40:00.970195	https://eodhd.com/api/options/GLD.US	GLD	404	0	296ms
2026-03-23T14:40:02.404456	https://eodhd.com/api/options/TLT.US	TLT	404	0	428ms
2026-03-23T14:40:03.736074	https://eodhd.com/api/options/XLF.US	XLF	404	0	326ms
2026-03-23T14:40:05.046250	https://eodhd.com/api/options/XLE.US	XLE	404	0	305ms
2026-03-23T14:40:06.360372	https://eodhd.com/api/options/XOM.US	XOM	404	0	307ms
